# JRE version: OpenJDK Runtime Environment (10.0.2+13) (build 10.0.2+13)
# Java VM: OpenJDK 64-Bit Server VM (10.0.2+13, mixed mode, tiered, compressed oops, g1 gc, linux-amd64)
Heap:
 garbage-first heap   total 612352K, used 161280K [0x00000006c9400000, 0x00000007c0000000)
  region size 1024K, 14 young (14336K), 14 survivors (14336K)
 Metaspace       used 58226K, capacity 60853K, committed 60964K, reserved 1099776K
  class space    used 9951K, capacity 11088K, committed 11096K, reserved 1048576K
GC Heap History (10 events):
Event: 7.848 GC heap after
{Heap after GC invocations=16 (full 0):
 garbage-first heap   total 454656K, used 131415K [0x00000006c9400000, 0x00000007c0000000)
  region size 1024K, 6 young (6144K), 6 survivors (6144K)
 Metaspace       used 57453K, capacity 59743K, committed 59940K, reserved 1097728K
  class space    used 9796K, capacity 10840K, committed 10840K, reserved 1048576K
}
Event: 8.147 GC heap before
{Heap before GC invocations=17 (full 0):
 garbage-first heap   total 454656K, used 313687K [0x00000006c9400000, 0x00000007c0000000)
  region size 1024K, 184 young (188416K), 6 survivors (6144K)
 Metaspace       used 57747K, capacity 60161K, committed 60452K, reserved 1099776K
  class space    used 9889K, capacity 11002K, committed 11096K, reserved 1048576K
}
Event: 8.153 GC heap after
{Heap after GC invocations=18 (full 0):
 garbage-first heap   total 454656K, used 133600K [0x00000006c9400000, 0x00000007c0000000)
  region size 1024K, 8 young (8192K), 8 survivors (8192K)
 Metaspace       used 57747K, capacity 60161K, committed 60452K, reserved 1099776K
  class space    used 9889K, capacity 11002K, committed 11096K, reserved 1048576K
}
Event: 8.399 GC heap before
{Heap before GC invocations=18 (full 0):
 garbage-first heap   total 454656K, used 341472K [0x00000006c9400000, 0x00000007c0000000)
  region size 1024K, 209 young (214016K), 8 survivors (8192K)
 Metaspace       used 57864K, capacity 60353K, committed 60452K, reserved 1099776K
  class space    used 9891K, capacity 11002K, committed 11096K, reserved 1048576K
}
Event: 8.409 GC heap after
{Heap after GC invocations=19 (full 0):
 garbage-first heap   total 454656K, used 139748K [0x00000006c9400000, 0x00000007c0000000)
  region size 1024K, 13 young (13312K), 13 survivors (13312K)
 Metaspace       used 57864K, capacity 60353K, committed 60452K, reserved 1099776K
  class space    used 9891K, capacity 11002K, committed 11096K, reserved 1048576K
}
Event: 8.675 GC heap before
{Heap before GC invocations=19 (full 0):
 garbage-first heap   total 454656K, used 351716K [0x00000006c9400000, 0x00000007c0000000)
  region size 1024K, 220 young (225280K), 13 survivors (13312K)
 Metaspace       used 57962K, capacity 60483K, committed 60708K, reserved 1099776K
  class space    used 9902K, capacity 11018K, committed 11096K, reserved 1048576K
}
Event: 8.697 GC heap after
{Heap after GC invocations=20 (full 0):
 garbage-first heap   total 454656K, used 148260K [0x00000006c9400000, 0x00000007c0000000)
  region size 1024K, 21 young (21504K), 21 survivors (21504K)
 Metaspace       used 57962K, capacity 60483K, committed 60708K, reserved 1099776K
  class space    used 9902K, capacity 11018K, committed 11096K, reserved 1048576K
}
Event: 8.899 GC heap before
{Heap before GC invocations=20 (full 0):
 garbage-first heap   total 454656K, used 361252K [0x00000006c9400000, 0x00000007c0000000)
  region size 1024K, 229 young (234496K), 21 survivors (21504K)
 Metaspace       used 58188K, capacity 60815K, committed 60964K, reserved 1099776K
  class space    used 9943K, capacity 11078K, committed 11096K, reserved 1048576K
}
Event: 8.921 GC heap after
{Heap after GC invocations=21 (full 0):
 garbage-first heap   total 454656K, used 157301K [0x00000006c9400000, 0x00000007c0000000)
  region size 1024K, 23 young (23552K), 23 survivors (23552K)
 Metaspace       used 58188K, capacity 60815K, committed 60964K, reserved 1099776K
  class space    used 9943K, capacity 11078K, committed 11096K, reserved 1048576K
}
Event: 9.071 GC heap before
{Heap before GC invocations=21 (full 0):
 garbage-first heap   total 454656K, used 370293K [0x00000006c9400000, 0x00000007c0000000)
  region size 1024K, 228 young (233472K), 23 survivors (23552K)
 Metaspace       used 58226K, capacity 60853K, committed 60964K, reserved 1099776K
  class space    used 9951K, capacity 11088K, committed 11096K, reserved 1048576K
}

